#
# There is insufficient memory for the Java Runtime Environment to continue.
# Native memory allocation (malloc) failed to allocate 32744 bytes for ChunkPool::allocate
# Possible reasons:
#   The system is out of physical RAM or swap space
#   The process is running with CompressedOops enabled, and the Java Heap may be blocking the growth of the native heap
# Possible solutions:
#   Reduce memory load on the system
#   Increase physical memory or swap space
#   Check if swap backing store is full
#   Decrease Java heap size (-Xmx/-Xms)
#   Decrease number of Java threads
#   Decrease Java thread stack sizes (-Xss)
#   Set larger code cache with -XX:ReservedCodeCacheSize=
#   JVM is running with Unscaled Compressed Oops mode in which the Java heap is
#     placed in the first 4GB address space. The Java Heap base address is the
#     maximum limit for the native heap growth. Please use -XX:HeapBaseMinAddress
#     to set the Java Heap base and to place the Java Heap above 4GB virtual address.
# This output file may be truncated or incomplete.
#
#  Out of Memory Error (allocation.cpp:272), pid=10792, tid=0x0000000000004e64
#
# JRE version: OpenJDK Runtime Environment (8.0_202-b03) (build 1.8.0_202-release-1483-b03)
# Java VM: OpenJDK 64-Bit Server VM (25.202-b03 mixed mode windows-amd64 compressed oops)
# Failed to write core dump. Minidumps are not enabled by default on client versions of Windows
#

---------------  T H R E A D  ---------------

Current thread (0x000000001619b000):  JavaThread "C2 CompilerThread0" daemon [_thread_in_native, id=20068, stack(0x0000000017a90000,0x0000000017b90000)]

Stack: [0x0000000017a90000,0x0000000017b90000]
[error occurred during error reporting (printing stack bounds), id 0xc0000005]

Native frames: (J=compiled Java code, j=interpreted, Vv=VM code, C=native code)


Current CompileTask:
C2:  22920 5280       4       java.net.URLClassLoader$1::run (5 bytes)


---------------  P R O C E S S  ---------------

Java Threads: ( => current thread )
  0x000000001ba5c800 JavaThread "Cache worker for Build Output Cleanup Cache (C:\Users\huipu\Desktop\LPR-master\.gradle\buildOutputCleanup)" [_thread_blocked, id=16456, stack(0x0000000021aa0000,0x0000000021ba0000)]
  0x000000001ba5b800 JavaThread "Build operations Thread 4" [_thread_blocked, id=5264, stack(0x00000000213a0000,0x00000000214a0000)]
  0x000000001ba61000 JavaThread "Build operations Thread 3" [_thread_blocked, id=19920, stack(0x00000000212a0000,0x00000000213a0000)]
  0x000000001ba60000 JavaThread "Build operations Thread 2" [_thread_blocked, id=19520, stack(0x00000000211a0000,0x00000000212a0000)]
  0x000000001ba5f800 JavaThread "Build operations" [_thread_blocked, id=17368, stack(0x00000000210a0000,0x00000000211a0000)]
  0x000000001ba5d000 JavaThread "File lock release action executor Thread 2" [_thread_blocked, id=19108, stack(0x00000000209d0000,0x0000000020ad0000)]
  0x0000000018423800 JavaThread "Cache worker for execution history cache (C:\Users\huipu\.gradle\caches\5.1.1\executionHistory)" [_thread_blocked, id=18664, stack(0x0000000020ba0000,0x0000000020ca0000)]
  0x0000000018422000 JavaThread "Cache worker for cache directory md-rule (C:\Users\huipu\.gradle\caches\5.1.1\md-rule)" [_thread_blocked, id=20224, stack(0x000000001f700000,0x000000001f800000)]
  0x0000000018420800 JavaThread "Cache worker for cache directory md-supplier (C:\Users\huipu\.gradle\caches\5.1.1\md-supplier)" [_thread_blocked, id=16536, stack(0x000000001e110000,0x000000001e210000)]
  0x000000001841f000 JavaThread "Cache worker for file hash cache (C:\Users\huipu\Desktop\LPR-master\.gradle\5.1.1\fileHashes)" [_thread_blocked, id=4436, stack(0x000000001d8d0000,0x000000001d9d0000)]
  0x0000000018422800 JavaThread "File lock release action executor" [_thread_blocked, id=19660, stack(0x000000001f200000,0x000000001f300000)]
  0x000000001841c800 JavaThread "Cache worker for journal cache (C:\Users\huipu\.gradle\caches\journal-1)" [_thread_blocked, id=17892, stack(0x000000001a660000,0x000000001a760000)]
  0x0000000019572800 JavaThread "File lock request listener" [_thread_in_native, id=20000, stack(0x000000001a560000,0x000000001a660000)]
  0x0000000019571800 JavaThread "Cache worker for file hash cache (C:\Users\huipu\.gradle\caches\5.1.1\fileHashes)" [_thread_blocked, id=17344, stack(0x000000001a460000,0x000000001a560000)]
  0x000000001897e000 JavaThread "Thread-8" [_thread_blocked, id=5376, stack(0x000000001a360000,0x000000001a460000)]
  0x000000001897d800 JavaThread "Stdin handler" [_thread_blocked, id=6900, stack(0x000000001a260000,0x000000001a360000)]
  0x0000000018978000 JavaThread "Asynchronous log dispatcher for DefaultDaemonConnection: socket connection from /127.0.0.1:9201 to /127.0.0.1:9202" [_thread_blocked, id=18232, stack(0x000000001a160000,0x000000001a260000)]
  0x00000000189b9000 JavaThread "Daemon worker" [_thread_in_vm, id=6804, stack(0x000000001a060000,0x000000001a160000)]
  0x00000000189b8800 JavaThread "Cancel handler" [_thread_blocked, id=16496, stack(0x0000000019f60000,0x000000001a060000)]
  0x000000001934d800 JavaThread "Handler for socket connection from /127.0.0.1:9201 to /127.0.0.1:9202" [_thread_in_native, id=18812, stack(0x0000000019c60000,0x0000000019d60000)]
  0x000000001934b000 JavaThread "Daemon" [_thread_blocked, id=16192, stack(0x0000000019b60000,0x0000000019c60000)]
  0x000000001894d800 JavaThread "Daemon periodic checks" [_thread_blocked, id=18644, stack(0x0000000019a60000,0x0000000019b60000)]
  0x0000000019345800 JavaThread "Incoming local TCP Connector on port 9201" [_thread_in_native, id=9624, stack(0x0000000019960000,0x0000000019a60000)]
  0x00000000174f5000 JavaThread "Service Thread" daemon [_thread_blocked, id=8100, stack(0x0000000017d90000,0x0000000017e90000)]
  0x00000000174ed000 JavaThread "C1 CompilerThread2" daemon [_thread_in_native, id=19588, stack(0x0000000017c90000,0x0000000017d90000)]
  0x000000001749a000 JavaThread "C2 CompilerThread1" daemon [_thread_blocked, id=9804, stack(0x0000000017b90000,0x0000000017c90000)]
=>0x000000001619b000 JavaThread "C2 CompilerThread0" daemon [_thread_in_native, id=20068, stack(0x0000000017a90000,0x0000000017b90000)]
  0x000000001614f800 JavaThread "Attach Listener" daemon [_thread_blocked, id=17436, stack(0x0000000017990000,0x0000000017a90000)]
  0x0000000017498800 JavaThread "Signal Dispatcher" daemon [_thread_blocked, id=20032, stack(0x0000000017890000,0x0000000017990000)]
  0x00000000027cb800 JavaThread "Finalizer" daemon [_thread_blocked, id=6152, stack(0x0000000017390000,0x0000000017490000)]
  0x0000000016129000 JavaThread "Reference Handler" daemon [_thread_blocked, id=17568, stack(0x0000000017290000,0x0000000017390000)]
  0x00000000026ce800 JavaThread "main" [_thread_blocked, id=9652, stack(0x0000000002550000,0x0000000002650000)]

Other Threads:
  0x0000000016108000 VMThread [stack: 0x0000000017190000,0x0000000017290000] [id=9576]
  0x00000000174f6800 WatcherThread [stack: 0x0000000017e90000,0x0000000017f90000] [id=17180]

VM state:not at safepoint (normal execution)

VM Mutex/Monitor currently owned by a thread: None

heap address: 0x00000000a0000000, size: 1536 MB, Compressed Oops mode: 32-bit
Narrow klass base: 0x0000000000000000, Narrow klass shift: 3
Compressed class space size: 1073741824 Address: 0x0000000100000000

Heap:
 PSYoungGen      total 194560K, used 83056K [0x00000000e0000000, 0x00000000ef080000, 0x0000000100000000)
  eden space 180736K, 38% used [0x00000000e0000000,0x00000000e43a0558,0x00000000eb080000)
  from space 13824K, 99% used [0x00000000eb080000,0x00000000ebdfbc40,0x00000000ebe00000)
  to   space 13824K, 0% used [0x00000000ebe00000,0x00000000ebe00000,0x00000000ecb80000)
 ParOldGen       total 137728K, used 24036K [0x00000000a0000000, 0x00000000a8680000, 0x00000000e0000000)
  object space 137728K, 17% used [0x00000000a0000000,0x00000000a17793f0,0x00000000a8680000)
 Metaspace       used 56940K, capacity 58686K, committed 58752K, reserved 1099776K
  class space    used 7640K, capacity 8049K, committed 8064K, reserved 1048576K

Card table byte_map: [0x0000000011b90000,0x0000000011ea0000] byte_map_base: 0x0000000011690000

Marking Bits: (ParMarkBitMap*) 0x0000000068c39f30
 Begin Bits: [0x00000000124a0000, 0x0000000013ca0000)
 End Bits:   [0x0000000013ca0000, 0x00000000154a0000)

Polling page: 0x00000000001e0000

CodeCache: size=245760Kb used=16896Kb max_used=16896Kb free=228863Kb
 bounds [0x00000000027d0000, 0x0000000003860000, 0x00000000117d0000]
 total_blobs=5663 nmethods=4869 adapters=706
 compilation: enabled

Compilation events (10 events):
Event: 22.860 Thread 0x00000000174ed000 nmethod 5279 0x0000000003857d90 code [0x0000000003857f60, 0x00000000038586e8]
Event: 22.864 Thread 0x000000001619b000 5280       4       java.net.URLClassLoader$1::run (5 bytes)
Event: 22.865 Thread 0x00000000174ed000 5281       3       kotlin.jvm.JvmClassMappingKt::getJavaClass (30 bytes)
Event: 22.865 Thread 0x00000000174ed000 nmethod 5281 0x0000000003858990 code [0x0000000003858b40, 0x0000000003859028]
Event: 22.877 Thread 0x00000000174ed000 5282       3       com.google.common.cache.LocalCache$Segment::newEntry (18 bytes)
Event: 22.877 Thread 0x00000000174ed000 nmethod 5282 0x00000000038591d0 code [0x0000000003859360, 0x00000000038596f8]
Event: 22.877 Thread 0x00000000174ed000 5283       3       com.google.common.cache.LocalCache$Segment::getEntry (73 bytes)
Event: 22.878 Thread 0x00000000174ed000 nmethod 5283 0x00000000038598d0 code [0x0000000003859b80, 0x000000000385b018]
Event: 22.879 Thread 0x00000000174ed000 5284       3       org.gradle.configuration.internal.DefaultUserCodeApplicationContext::current (19 bytes)
Event: 22.880 Thread 0x00000000174ed000 nmethod 5284 0x000000000385b950 code [0x000000000385bae0, 0x000000000385bf98]

GC Heap History (10 events):
Event: 10.178 GC heap before
{Heap before GC invocations=5 (full 1):
 PSYoungGen      total 76288K, used 65536K [0x00000000e0000000, 0x00000000e8b00000, 0x0000000100000000)
  eden space 65536K, 100% used [0x00000000e0000000,0x00000000e4000000,0x00000000e4000000)
  from space 10752K, 0% used [0x00000000e7f80000,0x00000000e7f80000,0x00000000e8a00000)
  to   space 1024K, 0% used [0x00000000e8a00000,0x00000000e8a00000,0x00000000e8b00000)
 ParOldGen       total 101888K, used 11194K [0x00000000a0000000, 0x00000000a6380000, 0x00000000e0000000)
  object space 101888K, 10% used [0x00000000a0000000,0x00000000a0aeea20,0x00000000a6380000)
 Metaspace       used 27956K, capacity 28486K, committed 28672K, reserved 1073152K
  class space    used 3813K, capacity 4002K, committed 4096K, reserved 1048576K
Event: 10.198 GC heap after
Heap after GC invocations=5 (full 1):
 PSYoungGen      total 109568K, used 1024K [0x00000000e0000000, 0x00000000e8b00000, 0x0000000100000000)
  eden space 108544K, 0% used [0x00000000e0000000,0x00000000e0000000,0x00000000e6a00000)
  from space 1024K, 100% used [0x00000000e8a00000,0x00000000e8b00000,0x00000000e8b00000)
  to   space 10752K, 0% used [0x00000000e7600000,0x00000000e7600000,0x00000000e8080000)
 ParOldGen       total 101888K, used 17436K [0x00000000a0000000, 0x00000000a6380000, 0x00000000e0000000)
  object space 101888K, 17% used [0x00000000a0000000,0x00000000a1107140,0x00000000a6380000)
 Metaspace       used 27956K, capacity 28486K, committed 28672K, reserved 1073152K
  class space    used 3813K, capacity 4002K, committed 4096K, reserved 1048576K
}
Event: 15.747 GC heap before
{Heap before GC invocations=6 (full 1):
 PSYoungGen      total 109568K, used 109568K [0x00000000e0000000, 0x00000000e8b00000, 0x0000000100000000)
  eden space 108544K, 100% used [0x00000000e0000000,0x00000000e6a00000,0x00000000e6a00000)
  from space 1024K, 100% used [0x00000000e8a00000,0x00000000e8b00000,0x00000000e8b00000)
  to   space 10752K, 0% used [0x00000000e7600000,0x00000000e7600000,0x00000000e8080000)
 ParOldGen       total 101888K, used 17436K [0x00000000a0000000, 0x00000000a6380000, 0x00000000e0000000)
  object space 101888K, 17% used [0x00000000a0000000,0x00000000a1107140,0x00000000a6380000)
 Metaspace       used 34163K, capacity 35038K, committed 35200K, reserved 1079296K
  class space    used 4695K, capacity 4893K, committed 4992K, reserved 1048576K
Event: 15.810 GC heap after
Heap after GC invocations=6 (full 1):
 PSYoungGen      total 131584K, used 10738K [0x00000000e0000000, 0x00000000ecb80000, 0x0000000100000000)
  eden space 120832K, 0% used [0x00000000e0000000,0x00000000e0000000,0x00000000e7600000)
  from space 10752K, 99% used [0x00000000e7600000,0x00000000e807c9e8,0x00000000e8080000)
  to   space 13824K, 0% used [0x00000000ebe00000,0x00000000ebe00000,0x00000000ecb80000)
 ParOldGen       total 101888K, used 17622K [0x00000000a0000000, 0x00000000a6380000, 0x00000000e0000000)
  object space 101888K, 17% used [0x00000000a0000000,0x00000000a1135a20,0x00000000a6380000)
 Metaspace       used 34163K, capacity 35038K, committed 35200K, reserved 1079296K
  class space    used 4695K, capacity 4893K, committed 4992K, reserved 1048576K
}
Event: 16.153 GC heap before
{Heap before GC invocations=7 (full 1):
 PSYoungGen      total 131584K, used 22098K [0x00000000e0000000, 0x00000000ecb80000, 0x0000000100000000)
  eden space 120832K, 9% used [0x00000000e0000000,0x00000000e0b18010,0x00000000e7600000)
  from space 10752K, 99% used [0x00000000e7600000,0x00000000e807c9e8,0x00000000e8080000)
  to   space 13824K, 0% used [0x00000000ebe00000,0x00000000ebe00000,0x00000000ecb80000)
 ParOldGen       total 101888K, used 17622K [0x00000000a0000000, 0x00000000a6380000, 0x00000000e0000000)
  object space 101888K, 17% used [0x00000000a0000000,0x00000000a1135a20,0x00000000a6380000)
 Metaspace       used 34461K, capacity 35368K, committed 35456K, reserved 1079296K
  class space    used 4733K, capacity 4936K, committed 4992K, reserved 1048576K
Event: 16.172 GC heap after
Heap after GC invocations=7 (full 1):
 PSYoungGen      total 194560K, used 6672K [0x00000000e0000000, 0x00000000ef080000, 0x0000000100000000)
  eden space 180736K, 0% used [0x00000000e0000000,0x00000000e0000000,0x00000000eb080000)
  from space 13824K, 48% used [0x00000000ebe00000,0x00000000ec484010,0x00000000ecb80000)
  to   space 13824K, 0% used [0x00000000eb080000,0x00000000eb080000,0x00000000ebe00000)
 ParOldGen       total 101888K, used 17630K [0x00000000a0000000, 0x00000000a6380000, 0x00000000e0000000)
  object space 101888K, 17% used [0x00000000a0000000,0x00000000a1137a20,0x00000000a6380000)
 Metaspace       used 34461K, capacity 35368K, committed 35456K, reserved 1079296K
  class space    used 4733K, capacity 4936K, committed 4992K, reserved 1048576K
}
Event: 16.172 GC heap before
{Heap before GC invocations=8 (full 2):
 PSYoungGen      total 194560K, used 6672K [0x00000000e0000000, 0x00000000ef080000, 0x0000000100000000)
  eden space 180736K, 0% used [0x00000000e0000000,0x00000000e0000000,0x00000000eb080000)
  from space 13824K, 48% used [0x00000000ebe00000,0x00000000ec484010,0x00000000ecb80000)
  to   space 13824K, 0% used [0x00000000eb080000,0x00000000eb080000,0x00000000ebe00000)
 ParOldGen       total 101888K, used 17630K [0x00000000a0000000, 0x00000000a6380000, 0x00000000e0000000)
  object space 101888K, 17% used [0x00000000a0000000,0x00000000a1137a20,0x00000000a6380000)
 Metaspace       used 34461K, capacity 35368K, committed 35456K, reserved 1079296K
  class space    used 4733K, capacity 4936K, committed 4992K, reserved 1048576K
Event: 16.263 GC heap after
Heap after GC invocations=8 (full 2):
 PSYoungGen      total 194560K, used 0K [0x00000000e0000000, 0x00000000ef080000, 0x0000000100000000)
  eden space 180736K, 0% used [0x00000000e0000000,0x00000000e0000000,0x00000000eb080000)
  from space 13824K, 0% used [0x00000000ebe00000,0x00000000ebe00000,0x00000000ecb80000)
  to   space 13824K, 0% used [0x00000000eb080000,0x00000000eb080000,0x00000000ebe00000)
 ParOldGen       total 137728K, used 16760K [0x00000000a0000000, 0x00000000a8680000, 0x00000000e0000000)
  object space 137728K, 12% used [0x00000000a0000000,0x00000000a105e208,0x00000000a8680000)
 Metaspace       used 34457K, capacity 35356K, committed 35456K, reserved 1079296K
  class space    used 4732K, capacity 4934K, committed 4992K, reserved 1048576K
}
Event: 21.272 GC heap before
{Heap before GC invocations=9 (full 2):
 PSYoungGen      total 194560K, used 180736K [0x00000000e0000000, 0x00000000ef080000, 0x0000000100000000)
  eden space 180736K, 100% used [0x00000000e0000000,0x00000000eb080000,0x00000000eb080000)
  from space 13824K, 0% used [0x00000000ebe00000,0x00000000ebe00000,0x00000000ecb80000)
  to   space 13824K, 0% used [0x00000000eb080000,0x00000000eb080000,0x00000000ebe00000)
 ParOldGen       total 137728K, used 16760K [0x00000000a0000000, 0x00000000a8680000, 0x00000000e0000000)
  object space 137728K, 12% used [0x00000000a0000000,0x00000000a105e208,0x00000000a8680000)
 Metaspace       used 51065K, capacity 52374K, committed 52736K, reserved 1095680K
  class space    used 6849K, capacity 7141K, committed 7168K, reserved 1048576K
Event: 21.296 GC heap after
Heap after GC invocations=9 (full 2):
 PSYoungGen      total 194560K, used 13807K [0x00000000e0000000, 0x00000000ef080000, 0x0000000100000000)
  eden space 180736K, 0% used [0x00000000e0000000,0x00000000e0000000,0x00000000eb080000)
  from space 13824K, 99% used [0x00000000eb080000,0x00000000ebdfbc40,0x00000000ebe00000)
  to   space 13824K, 0% used [0x00000000ebe00000,0x00000000ebe00000,0x00000000ecb80000)
 ParOldGen       total 137728K, used 24036K [0x00000000a0000000, 0x00000000a8680000, 0x00000000e0000000)
  object space 137728K, 17% used [0x00000000a0000000,0x00000000a17793f0,0x00000000a8680000)
 Metaspace       used 51065K, capacity 52374K, committed 52736K, reserved 1095680K
  class space    used 6849K, capacity 7141K, committed 7168K, reserved 1048576K
}

Deoptimization events (10 events):
Event: 19.379 Thread 0x00000000189b9000 Uncommon trap: reason=bimorphic action=maybe_recompile pc=0x000000000293c5fc method=java.util.regex.Pattern$5.isSatisfiedBy(I)Z @ 16
Event: 19.379 Thread 0x00000000189b9000 Uncommon trap: reason=bimorphic action=maybe_recompile pc=0x000000000293c5fc method=java.util.regex.Pattern$5.isSatisfiedBy(I)Z @ 16
Event: 19.379 Thread 0x00000000189b9000 Uncommon trap: reason=bimorphic action=maybe_recompile pc=0x000000000293c5fc method=java.util.regex.Pattern$5.isSatisfiedBy(I)Z @ 16
Event: 19.379 Thread 0x00000000189b9000 Uncommon trap: reason=bimorphic action=maybe_recompile pc=0x000000000293c5fc method=java.util.regex.Pattern$5.isSatisfiedBy(I)Z @ 16
Event: 20.789 Thread 0x00000000189b9000 Uncommon trap: reason=unstable_if action=reinterpret pc=0x0000000002a8f868 method=java.util.regex.Pattern$BmpCharProperty.match(Ljava/util/regex/Matcher;ILjava/lang/CharSequence;)Z @ 34
Event: 21.440 Thread 0x00000000189b9000 Uncommon trap: reason=unstable_if action=reinterpret pc=0x000000000365e1f4 method=com.sun.org.apache.xerces.internal.impl.XMLEntityScanner.checkBeforeLoad(Lcom/sun/xml/internal/stream/Entity$ScannedEntity;II)I @ 18
Event: 21.507 Thread 0x00000000189b9000 Uncommon trap: reason=unstable_if action=reinterpret pc=0x00000000034f0098 method=com.google.gson.stream.JsonReader.doPeek()I @ 315
Event: 21.918 Thread 0x00000000189b9000 Uncommon trap: reason=unstable_if action=reinterpret pc=0x00000000028edbe4 method=java.lang.String.lastIndexOf([CII[CIII)I @ 17
Event: 22.085 Thread 0x00000000189b9000 Uncommon trap: reason=unstable_if action=reinterpret pc=0x0000000002cf4aa8 method=java.util.concurrent.ConcurrentHashMap.putVal(Ljava/lang/Object;Ljava/lang/Object;Z)Ljava/lang/Object; @ 195
Event: 22.135 Thread 0x00000000189b9000 Uncommon trap: reason=unstable_if action=reinterpret pc=0x00000000037f5908 method=kotlin.reflect.jvm.internal.impl.protobuf.CodedInputStream.readRawVarint32()I @ 10

Classes redefined (0 events):
No events

Internal exceptions (10 events):
Event: 21.414 Thread 0x00000000189b9000 Exception <a 'sun/nio/fs/WindowsException'> (0x00000000e02c4540) thrown at [D:\src\AOSP-openjdk-cygwin\jdk8u\hotspot\src\share\vm\prims\jni.cpp, line 710]
Event: 21.495 Thread 0x00000000189b9000 Exception <a 'java/lang/NoSuchMethodError': java.lang.Object.lambda$comparing$77a9974f$1(Ljava/util/function/Function;Ljava/lang/Object;Ljava/lang/Object;)I> (0x00000000e049e1a0) thrown at [D:\src\AOSP-openjdk-cygwin\jdk8u\hotspot\src\share\vm\interpreter
Event: 21.496 Thread 0x00000000189b9000 Exception <a 'java/lang/NoSuchMethodError': java.lang.Object.lambda$thenComparing$36697e65$1(Ljava/util/Comparator;Ljava/lang/Object;Ljava/lang/Object;)I> (0x00000000e04a9a10) thrown at [D:\src\AOSP-openjdk-cygwin\jdk8u\hotspot\src\share\vm\interpreter\li
Event: 21.519 Thread 0x00000000189b9000 Exception <a 'java/lang/NoSuchMethodError': java.lang.Object.lambda$maxBy$1(Ljava/util/Comparator;Ljava/lang/Object;Ljava/lang/Object;)Ljava/lang/Object;> (0x00000000e061cfb8) thrown at [D:\src\AOSP-openjdk-cygwin\jdk8u\hotspot\src\share\vm\interpreter\li
Event: 21.699 Thread 0x00000000189b9000 Exception <a 'java/lang/ClassNotFoundException': org/gradle/api/plugins/internal/DefaultBasePluginConventionBeanInfo> (0x00000000e0d16060) thrown at [D:\src\AOSP-openjdk-cygwin\jdk8u\hotspot\src\share\vm\classfile\systemDictionary.cpp, line 210]
Event: 21.699 Thread 0x00000000189b9000 Exception <a 'java/lang/ClassNotFoundException': org/gradle/api/plugins/BasePluginConventionBeanInfo> (0x00000000e0d3d520) thrown at [D:\src\AOSP-openjdk-cygwin\jdk8u\hotspot\src\share\vm\classfile\systemDictionary.cpp, line 210]
Event: 21.700 Thread 0x00000000189b9000 Exception <a 'java/lang/ClassNotFoundException': org/gradle/api/plugins/BasePluginConventionCustomizer> (0x00000000e0d65338) thrown at [D:\src\AOSP-openjdk-cygwin\jdk8u\hotspot\src\share\vm\classfile\systemDictionary.cpp, line 210]
Event: 21.701 Thread 0x00000000189b9000 Exception <a 'java/lang/ClassNotFoundException': org/gradle/api/plugins/internal/DefaultBasePluginConventionCustomizer> (0x00000000e0da72c0) thrown at [D:\src\AOSP-openjdk-cygwin\jdk8u\hotspot\src\share\vm\classfile\systemDictionary.cpp, line 210]
Event: 21.708 Thread 0x00000000189b9000 Exception <a 'java/lang/NoSuchMethodError': java.lang.Object.lambda$comparingInt$7b0bb60$1(Ljava/util/function/ToIntFunction;Ljava/lang/Object;Ljava/lang/Object;)I> (0x00000000e0e1d3e8) thrown at [D:\src\AOSP-openjdk-cygwin\jdk8u\hotspot\src\share\vm\inte
Event: 21.709 Thread 0x00000000189b9000 Exception <a 'java/lang/NoSuchMethodError': java.lang.Object.lambda$comparing$ea9a8b3a$1(Ljava/util/Comparator;Ljava/util/function/Function;Ljava/lang/Object;Ljava/lang/Object;)I> (0x00000000e0e27780) thrown at [D:\src\AOSP-openjdk-cygwin\jdk8u\hotspot\sr

Events (10 events):
Event: 22.870 loading class org/gradle/language/base/internal/compile/CompileSpec
Event: 22.870 loading class org/gradle/language/base/internal/compile/CompileSpec done
Event: 22.870 loading class org/gradle/language/base/internal/compile/Compiler
Event: 22.870 loading class org/gradle/language/base/internal/compile/Compiler done
Event: 22.876 loading class com/android/build/gradle/tasks/ProcessAnnotationsTask$Companion
Event: 22.876 loading class com/android/build/gradle/tasks/ProcessAnnotationsTask$Companion done
Event: 22.877 loading class com/android/build/gradle/tasks/AndroidJavaCompile
Event: 22.877 loading class com/android/build/gradle/tasks/AndroidJavaCompile done
Event: 22.879 loading class com/android/build/gradle/internal/feature/BundleAllClasses
Event: 22.879 loading class com/android/build/gradle/internal/feature/BundleAllClasses done


Dynamic libraries:
0x00007ff7a1060000 - 0x00007ff7a1091000 	D:\Program Files (x86)\Android\Android Studio\jre\bin\java.exe
0x00007ffb36ac0000 - 0x00007ffb36cb0000 	C:\WINDOWS\SYSTEM32\ntdll.dll
0x00007ffb360f0000 - 0x00007ffb361a2000 	C:\WINDOWS\System32\KERNEL32.DLL
0x00007ffb345f0000 - 0x00007ffb34893000 	C:\WINDOWS\System32\KERNELBASE.dll
0x00007ffb35d80000 - 0x00007ffb35e23000 	C:\WINDOWS\System32\ADVAPI32.dll
0x00007ffb35e30000 - 0x00007ffb35ece000 	C:\WINDOWS\System32\msvcrt.dll
0x00007ffb35460000 - 0x00007ffb354f7000 	C:\WINDOWS\System32\sechost.dll
0x00007ffb368e0000 - 0x00007ffb36a00000 	C:\WINDOWS\System32\RPCRT4.dll
0x00007ffb35bd0000 - 0x00007ffb35d64000 	C:\WINDOWS\System32\USER32.dll
0x00007ffb348a0000 - 0x00007ffb348c1000 	C:\WINDOWS\System32\win32u.dll
0x00007ffb35650000 - 0x00007ffb35676000 	C:\WINDOWS\System32\GDI32.dll
0x00007ffb348d0000 - 0x00007ffb34a64000 	C:\WINDOWS\System32\gdi32full.dll
0x00007ffb33ba0000 - 0x00007ffb33c3e000 	C:\WINDOWS\System32\msvcp_win.dll
0x00007ffb34a70000 - 0x00007ffb34b6a000 	C:\WINDOWS\System32\ucrtbase.dll
0x00007ffb23230000 - 0x00007ffb234b5000 	C:\WINDOWS\WinSxS\amd64_microsoft.windows.common-controls_6595b64144ccf1df_6.0.18362.657_none_e6c5b579130e3898\COMCTL32.dll
0x00007ffb364a0000 - 0x00007ffb367d6000 	C:\WINDOWS\System32\combase.dll
0x00007ffb34570000 - 0x00007ffb345f0000 	C:\WINDOWS\System32\bcryptPrimitives.dll
0x00007ffb368b0000 - 0x00007ffb368de000 	C:\WINDOWS\System32\IMM32.DLL
0x0000000065af0000 - 0x0000000065bc2000 	D:\Program Files (x86)\Android\Android Studio\jre\jre\bin\msvcr100.dll
0x0000000068470000 - 0x0000000068cb6000 	D:\Program Files (x86)\Android\Android Studio\jre\jre\bin\server\jvm.dll
0x00007ffb35ed0000 - 0x00007ffb35ed8000 	C:\WINDOWS\System32\PSAPI.DLL
0x00007ffb23160000 - 0x00007ffb23169000 	C:\WINDOWS\SYSTEM32\WSOCK32.dll
0x00007ffb353f0000 - 0x00007ffb3545f000 	C:\WINDOWS\System32\WS2_32.dll
0x00007ffb311d0000 - 0x00007ffb311f4000 	C:\WINDOWS\SYSTEM32\WINMM.dll
0x00007ffb2c8a0000 - 0x00007ffb2c8aa000 	C:\WINDOWS\SYSTEM32\VERSION.dll
0x00007ffb311a0000 - 0x00007ffb311cd000 	C:\WINDOWS\SYSTEM32\WINMMBASE.dll
0x00007ffb34520000 - 0x00007ffb3456a000 	C:\WINDOWS\System32\cfgmgr32.dll
0x00007ffb2fe80000 - 0x00007ffb2fe8f000 	D:\Program Files (x86)\Android\Android Studio\jre\jre\bin\verify.dll
0x00007ffb2ef80000 - 0x00007ffb2efa9000 	D:\Program Files (x86)\Android\Android Studio\jre\jre\bin\java.dll
0x00007ffb2de80000 - 0x00007ffb2de96000 	D:\Program Files (x86)\Android\Android Studio\jre\jre\bin\zip.dll
0x00007ffb34d00000 - 0x00007ffb353e5000 	C:\WINDOWS\System32\SHELL32.dll
0x00007ffb34b70000 - 0x00007ffb34c19000 	C:\WINDOWS\System32\shcore.dll
0x00007ffb33cf0000 - 0x00007ffb3446f000 	C:\WINDOWS\System32\windows.storage.dll
0x00007ffb33a10000 - 0x00007ffb33a2f000 	C:\WINDOWS\System32\profapi.dll
0x00007ffb339a0000 - 0x00007ffb339ea000 	C:\WINDOWS\System32\powrprof.dll
0x00007ffb33990000 - 0x00007ffb339a0000 	C:\WINDOWS\System32\UMPDC.dll
0x00007ffb35b70000 - 0x00007ffb35bc2000 	C:\WINDOWS\System32\shlwapi.dll
0x00007ffb33a30000 - 0x00007ffb33a41000 	C:\WINDOWS\System32\kernel.appcore.dll
0x00007ffb34470000 - 0x00007ffb34487000 	C:\WINDOWS\System32\cryptsp.dll
0x00007ffb2de60000 - 0x00007ffb2de7a000 	D:\Program Files (x86)\Android\Android Studio\jre\jre\bin\net.dll
0x00007ffb331a0000 - 0x00007ffb33207000 	C:\WINDOWS\system32\mswsock.dll
0x00007ffb2d100000 - 0x00007ffb2d111000 	D:\Program Files (x86)\Android\Android Studio\jre\jre\bin\nio.dll
0x00007ffb23ab0000 - 0x00007ffb23ace000 	C:\Users\huipu\.gradle\native\25\windows-amd64\native-platform.dll
0x00007ffb2fe70000 - 0x00007ffb2fe7d000 	D:\Program Files (x86)\Android\Android Studio\jre\jre\bin\management.dll
0x00007ffb32d10000 - 0x00007ffb32d43000 	C:\WINDOWS\system32\rsaenh.dll
0x00007ffb344f0000 - 0x00007ffb34516000 	C:\WINDOWS\System32\bcrypt.dll
0x00007ffb338b0000 - 0x00007ffb338d5000 	C:\WINDOWS\SYSTEM32\USERENV.dll
0x00007ffb33370000 - 0x00007ffb3337c000 	C:\WINDOWS\SYSTEM32\CRYPTBASE.dll
0x00007ffb32eb0000 - 0x00007ffb32eea000 	C:\WINDOWS\SYSTEM32\IPHLPAPI.DLL
0x00007ffb35b60000 - 0x00007ffb35b68000 	C:\WINDOWS\System32\NSI.dll
0x00007ffb2bfd0000 - 0x00007ffb2bfe6000 	C:\WINDOWS\SYSTEM32\dhcpcsvc6.DLL
0x00007ffb2c200000 - 0x00007ffb2c21c000 	C:\WINDOWS\SYSTEM32\dhcpcsvc.DLL
0x00007ffb32ef0000 - 0x00007ffb32fba000 	C:\WINDOWS\SYSTEM32\DNSAPI.dll

VM Arguments:
jvm_args: -Xmx1536m -Dfile.encoding=GBK -Duser.country=CN -Duser.language=zh -Duser.variant 
java_command: org.gradle.launcher.daemon.bootstrap.GradleDaemon 5.1.1
java_class_path (initial): C:\Users\huipu\.gradle\wrapper\dists\gradle-5.1.1-all\97z1ksx6lirer3kbvdnh7jtjg\gradle-5.1.1\lib\gradle-launcher-5.1.1.jar
Launcher Type: SUN_STANDARD

Environment Variables:
JAVA_HOME=C:\Program Files\Java\jdk1.8.0_171
CLASSPATH=,;C:\Program Files\Java\jdk1.8.0_171\lib;;C:\Program Files\Java\jdk1.8.0_171\lib\tools.jar
PATH=D:\Program Files (x86)\CTEX\UserData\miktex\bin;D:\Program Files (x86)\CTEX\MiKTeX\miktex\bin;D:\Program Files (x86)\CTEX\CTeX\ctex\bin;D:\Program Files (x86)\CTEX\CTeX\cct\bin;D:\Program Files (x86)\CTEX\CTeX\ty\bin;D:\Program Files (x86)\CTEX\Ghostscript\gs9.05\bin;D:\Program Files (x86)\CTEX\GSview\gsview;D:\Program Files (x86)\CTEX\WinEdt;C:\Program Files\NVIDIA GPU Computing Toolkit\CUDA\v10.1\bin;C:\Program Files\NVIDIA GPU Computing Toolkit\CUDA\v10.0\bin;C:\Windows\System32;C:\Windows;C:\Windows\System32\wbem;C:\Users\huipu\AppData\Roaming\Python\Python36\Scripts;C:\Users\huipu\Anaconda3\envs\tensorflow-gpu2\Scripts;C:\Users\huipu\Anaconda3;C:\Users\huipu\Anaconda3\Library\mingw-w64\bin;C:\Users\huipu\Anaconda3\Library\usr\bin;C:\Users\huipu\Anaconda3\Library\bin;C:\Users\huipu\Anaconda3\Scripts;C:\Users\huipu\AppData\Local\Microsoft\WindowsApps;C:\MinGW\bin;C:\Users\huipu\AppData\Roaming\npm;D:\Program Files (x86)\JetBrains\WebStorm 2019.1.3\bin;;C:\Users\huipu\AppData\Local\Yarn\bin;D:\vcpkg;C:\Program Files (x86)\Microsoft Visual Studio\2017\BuildTools\MSBuild\15.0\Bin;D:\opencv\build\x64\vc14\bin;D:\Program Files (x86)\Graphviz2.38;D:\Program Files (x86)\Graphviz2.38\bin;
USERNAME=huipu
OS=Windows_NT
PROCESSOR_IDENTIFIER=Intel64 Family 6 Model 158 Stepping 9, GenuineIntel



---------------  S Y S T E M  ---------------

OS: Windows 10.0 , 64 bit Build 18362 (10.0.18362.329)

CPU:total 4 (initial active 4) (4 cores per cpu, 1 threads per core) family 6 model 158 stepping 9, cmov, cx8, fxsr, mmx, sse, sse2, sse3, ssse3, sse4.1, sse4.2, popcnt, avx, avx2, aes, clmul, erms, 3dnowpref, lzcnt, tsc, tscinvbit, bmi1, bmi2, adx

Memory: 4k page, physical 16659688k(5547436k free), swap 17708264k(5144k free)

vm_info: OpenJDK 64-Bit Server VM (25.202-b03) for windows-amd64 JRE (1.8.0_202-release-1483-b03), built by "builder" with MS VC++ 10.0 (VS2010)

time: Sat Mar 07 23:34:57 2020
timezone: 中国标准时间
elapsed time: 22 seconds (0d 0h 0m 22s)

